#! /usr/bin/vvp
:ivl_version "11.0 (stable)";
:ivl_delay_selection "TYPICAL";
:vpi_time_precision + 0;
:vpi_module "/usr/lib/x86_64-linux-gnu/ivl/system.vpi";
:vpi_module "/usr/lib/x86_64-linux-gnu/ivl/vhdl_sys.vpi";
:vpi_module "/usr/lib/x86_64-linux-gnu/ivl/vhdl_textio.vpi";
:vpi_module "/usr/lib/x86_64-linux-gnu/ivl/v2005_math.vpi";
:vpi_module "/usr/lib/x86_64-linux-gnu/ivl/va_math.vpi";
S_0x61b959781590 .scope module, "one_bit_comparator_tb" "one_bit_comparator_tb" 2 1;
 .timescale 0 0;
v0x61b959794670_0 .var "a", 0 0;
v0x61b959794730_0 .var "b", 0 0;
v0x61b9597947d0_0 .net "equal", 0 0, L_0x61b959794bd0;  1 drivers
v0x61b9597948d0_0 .net "greater", 0 0, L_0x61b959794ce0;  1 drivers
v0x61b9597949a0_0 .net "less", 0 0, L_0x61b959794dd0;  1 drivers
S_0x61b959781720 .scope module, "dut" "one_bit_comparator" 2 6, 3 1 0, S_0x61b959781590;
 .timescale 0 0;
    .port_info 0 /INPUT 1 "a";
    .port_info 1 /INPUT 1 "b";
    .port_info 2 /OUTPUT 1 "equal";
    .port_info 3 /OUTPUT 1 "greater";
    .port_info 4 /OUTPUT 1 "less";
L_0x61b959794a90 .functor XOR 1, v0x61b959794670_0, v0x61b959794730_0, C4<0>, C4<0>;
L_0x61b959794bd0 .functor NOT 1, L_0x61b959794a90, C4<0>, C4<0>, C4<0>;
v0x61b959781900_0 .net *"_ivl_0", 0 0, L_0x61b959794a90;  1 drivers
v0x61b9597941e0_0 .net "a", 0 0, v0x61b959794670_0;  1 drivers
v0x61b9597942a0_0 .net "b", 0 0, v0x61b959794730_0;  1 drivers
v0x61b959794340_0 .net "equal", 0 0, L_0x61b959794bd0;  alias, 1 drivers
v0x61b959794400_0 .net "greater", 0 0, L_0x61b959794ce0;  alias, 1 drivers
v0x61b959794510_0 .net "less", 0 0, L_0x61b959794dd0;  alias, 1 drivers
L_0x61b959794ce0 .cmp/gt 1, v0x61b959794670_0, v0x61b959794730_0;
L_0x61b959794dd0 .cmp/gt 1, v0x61b959794730_0, v0x61b959794670_0;
    .scope S_0x61b959781590;
T_0 ;
    %vpi_call 2 18 "$dumpfile", "one_bit_comparator" {0 0 0};
    %vpi_call 2 19 "$dumpvars", 32'sb00000000000000000000000000000000, S_0x61b959781590 {0 0 0};
    %pushi/vec4 0, 0, 1;
    %store/vec4 v0x61b959794670_0, 0, 1;
    %pushi/vec4 0, 0, 1;
    %store/vec4 v0x61b959794730_0, 0, 1;
    %delay 10, 0;
    %pushi/vec4 0, 0, 1;
    %store/vec4 v0x61b959794670_0, 0, 1;
    %pushi/vec4 1, 0, 1;
    %store/vec4 v0x61b959794730_0, 0, 1;
    %delay 10, 0;
    %pushi/vec4 1, 0, 1;
    %store/vec4 v0x61b959794670_0, 0, 1;
    %pushi/vec4 0, 0, 1;
    %store/vec4 v0x61b959794730_0, 0, 1;
    %delay 10, 0;
    %pushi/vec4 1, 0, 1;
    %store/vec4 v0x61b959794670_0, 0, 1;
    %pushi/vec4 1, 0, 1;
    %store/vec4 v0x61b959794730_0, 0, 1;
    %delay 10, 0;
    %vpi_call 2 27 "$finish" {0 0 0};
    %end;
    .thread T_0;
# The file index is used to find the file name in the following table.
:file_names 4;
    "N/A";
    "<interactive>";
    "1-bit-compar.tb";
    "t-bit-compa.v";
