#! /usr/bin/vvp
:ivl_version "11.0 (stable)";
:ivl_delay_selection "TYPICAL";
:vpi_time_precision + 0;
:vpi_module "/usr/lib/x86_64-linux-gnu/ivl/system.vpi";
:vpi_module "/usr/lib/x86_64-linux-gnu/ivl/vhdl_sys.vpi";
:vpi_module "/usr/lib/x86_64-linux-gnu/ivl/vhdl_textio.vpi";
:vpi_module "/usr/lib/x86_64-linux-gnu/ivl/v2005_math.vpi";
:vpi_module "/usr/lib/x86_64-linux-gnu/ivl/va_math.vpi";
S_0x653a7e0d29b0 .scope module, "four_bit_comp_tb" "four_bit_comp_tb" 2 1;
 .timescale 0 0;
L_0x72d1c866b018 .functor BUFT 1, C4<000>, C4<0>, C4<0>, C4<0>;
v0x653a7e0ebf50_0 .net *"_ivl_3", 2 0, L_0x72d1c866b018;  1 drivers
L_0x72d1c866b060 .functor BUFT 1, C4<000>, C4<0>, C4<0>, C4<0>;
v0x653a7e0ec050_0 .net *"_ivl_8", 2 0, L_0x72d1c866b060;  1 drivers
v0x653a7e0ec130_0 .var "a", 0 0;
v0x653a7e0ec1d0_0 .var "b", 0 0;
v0x653a7e0ec290_0 .net "equal", 0 0, L_0x653a7e0ec4c0;  1 drivers
v0x653a7e0ec380_0 .net "greater", 0 0, L_0x653a7e0ec5b0;  1 drivers
v0x653a7e0ec420_0 .net "less", 0 0, L_0x653a7e0ec740;  1 drivers
L_0x653a7e0ec830 .concat [ 1 3 0 0], v0x653a7e0ec130_0, L_0x72d1c866b018;
L_0x653a7e0ec8d0 .concat [ 1 3 0 0], v0x653a7e0ec1d0_0, L_0x72d1c866b060;
S_0x653a7e0d2b40 .scope module, "dut" "four_bit_comp" 2 9, 3 1 0, S_0x653a7e0d29b0;
 .timescale 0 0;
    .port_info 0 /INPUT 4 "a";
    .port_info 1 /INPUT 4 "b";
    .port_info 2 /OUTPUT 1 "equal";
    .port_info 3 /OUTPUT 1 "greater";
    .port_info 4 /OUTPUT 1 "less";
v0x653a7e0d2d20_0 .net "a", 3 0, L_0x653a7e0ec830;  1 drivers
v0x653a7e0ebb60_0 .net "b", 3 0, L_0x653a7e0ec8d0;  1 drivers
v0x653a7e0ebc40_0 .net "equal", 0 0, L_0x653a7e0ec4c0;  alias, 1 drivers
v0x653a7e0ebce0_0 .net "greater", 0 0, L_0x653a7e0ec5b0;  alias, 1 drivers
v0x653a7e0ebda0_0 .net "less", 0 0, L_0x653a7e0ec740;  alias, 1 drivers
L_0x653a7e0ec4c0 .cmp/eq 4, L_0x653a7e0ec830, L_0x653a7e0ec8d0;
L_0x653a7e0ec5b0 .cmp/gt 4, L_0x653a7e0ec830, L_0x653a7e0ec8d0;
L_0x653a7e0ec740 .cmp/gt 4, L_0x653a7e0ec8d0, L_0x653a7e0ec830;
    .scope S_0x653a7e0d29b0;
T_0 ;
    %vpi_call 2 21 "$dumpfile", "four_bit_comp.vcd" {0 0 0};
    %vpi_call 2 22 "$dumpvars", 32'sb00000000000000000000000000000000, S_0x653a7e0d29b0 {0 0 0};
    %pushi/vec4 0, 0, 1;
    %store/vec4 v0x653a7e0ec130_0, 0, 1;
    %pushi/vec4 0, 0, 1;
    %store/vec4 v0x653a7e0ec1d0_0, 0, 1;
    %pushi/vec4 0, 0, 1;
    %store/vec4 v0x653a7e0ec130_0, 0, 1;
    %pushi/vec4 0, 0, 1;
    %store/vec4 v0x653a7e0ec1d0_0, 0, 1;
    %delay 10, 0;
    %pushi/vec4 0, 0, 1;
    %store/vec4 v0x653a7e0ec130_0, 0, 1;
    %pushi/vec4 1, 0, 1;
    %store/vec4 v0x653a7e0ec1d0_0, 0, 1;
    %delay 10, 0;
    %pushi/vec4 1, 0, 1;
    %store/vec4 v0x653a7e0ec130_0, 0, 1;
    %pushi/vec4 0, 0, 1;
    %store/vec4 v0x653a7e0ec1d0_0, 0, 1;
    %delay 10, 0;
    %pushi/vec4 0, 0, 1;
    %store/vec4 v0x653a7e0ec130_0, 0, 1;
    %pushi/vec4 0, 0, 1;
    %store/vec4 v0x653a7e0ec1d0_0, 0, 1;
    %delay 10, 0;
    %pushi/vec4 1, 0, 1;
    %store/vec4 v0x653a7e0ec130_0, 0, 1;
    %pushi/vec4 0, 0, 1;
    %store/vec4 v0x653a7e0ec1d0_0, 0, 1;
    %delay 10, 0;
    %pushi/vec4 1, 0, 1;
    %store/vec4 v0x653a7e0ec130_0, 0, 1;
    %pushi/vec4 1, 0, 1;
    %store/vec4 v0x653a7e0ec1d0_0, 0, 1;
    %delay 10, 0;
    %pushi/vec4 0, 0, 1;
    %store/vec4 v0x653a7e0ec130_0, 0, 1;
    %pushi/vec4 1, 0, 1;
    %store/vec4 v0x653a7e0ec1d0_0, 0, 1;
    %delay 10, 0;
    %pushi/vec4 1, 0, 1;
    %store/vec4 v0x653a7e0ec130_0, 0, 1;
    %pushi/vec4 0, 0, 1;
    %store/vec4 v0x653a7e0ec1d0_0, 0, 1;
    %delay 10, 0;
    %pushi/vec4 0, 0, 1;
    %store/vec4 v0x653a7e0ec130_0, 0, 1;
    %pushi/vec4 0, 0, 1;
    %store/vec4 v0x653a7e0ec1d0_0, 0, 1;
    %delay 10, 0;
    %pushi/vec4 1, 0, 1;
    %store/vec4 v0x653a7e0ec130_0, 0, 1;
    %pushi/vec4 0, 0, 1;
    %store/vec4 v0x653a7e0ec1d0_0, 0, 1;
    %delay 10, 0;
    %pushi/vec4 0, 0, 1;
    %store/vec4 v0x653a7e0ec130_0, 0, 1;
    %pushi/vec4 0, 0, 1;
    %store/vec4 v0x653a7e0ec1d0_0, 0, 1;
    %delay 10, 0;
    %pushi/vec4 1, 0, 1;
    %store/vec4 v0x653a7e0ec130_0, 0, 1;
    %pushi/vec4 0, 0, 1;
    %store/vec4 v0x653a7e0ec1d0_0, 0, 1;
    %delay 10, 0;
    %pushi/vec4 0, 0, 1;
    %store/vec4 v0x653a7e0ec130_0, 0, 1;
    %pushi/vec4 0, 0, 1;
    %store/vec4 v0x653a7e0ec1d0_0, 0, 1;
    %delay 10, 0;
    %pushi/vec4 1, 0, 1;
    %store/vec4 v0x653a7e0ec130_0, 0, 1;
    %pushi/vec4 0, 0, 1;
    %store/vec4 v0x653a7e0ec1d0_0, 0, 1;
    %delay 10, 0;
    %pushi/vec4 0, 0, 1;
    %store/vec4 v0x653a7e0ec130_0, 0, 1;
    %pushi/vec4 1, 0, 1;
    %store/vec4 v0x653a7e0ec1d0_0, 0, 1;
    %delay 10, 0;
    %pushi/vec4 1, 0, 1;
    %store/vec4 v0x653a7e0ec130_0, 0, 1;
    %pushi/vec4 1, 0, 1;
    %store/vec4 v0x653a7e0ec1d0_0, 0, 1;
    %delay 10, 0;
    %vpi_call 2 43 "$finish" {0 0 0};
    %delay 10, 0;
    %end;
    .thread T_0;
# The file index is used to find the file name in the following table.
:file_names 4;
    "N/A";
    "<interactive>";
    "four_bit_comp.tb";
    "four_bit_comp.v";
