#! /usr/bin/vvp
:ivl_version "11.0 (stable)";
:ivl_delay_selection "TYPICAL";
:vpi_time_precision - 10;
:vpi_module "/usr/lib/x86_64-linux-gnu/ivl/system.vpi";
:vpi_module "/usr/lib/x86_64-linux-gnu/ivl/vhdl_sys.vpi";
:vpi_module "/usr/lib/x86_64-linux-gnu/ivl/vhdl_textio.vpi";
:vpi_module "/usr/lib/x86_64-linux-gnu/ivl/v2005_math.vpi";
:vpi_module "/usr/lib/x86_64-linux-gnu/ivl/va_math.vpi";
S_0x559cd28f9ec0 .scope module, "mux_2_1_tb" "mux_2_1_tb" 2 3;
 .timescale -9 -10;
v0x559cd290b710_0 .var "a", 0 0;
v0x559cd290b7d0_0 .var "b", 0 0;
v0x559cd290b8a0_0 .var "select", 0 0;
v0x559cd290b9a0_0 .net "y", 0 0, L_0x559cd290ba70;  1 drivers
S_0x559cd28fa050 .scope module, "u0_DUT" "mux_2_1" 2 8, 3 1 0, S_0x559cd28f9ec0;
 .timescale 0 0;
    .port_info 0 /INPUT 1 "a";
    .port_info 1 /INPUT 1 "b";
    .port_info 2 /INPUT 1 "select";
    .port_info 3 /OUTPUT 1 "y";
v0x559cd28c2ba0_0 .net "a", 0 0, v0x559cd290b710_0;  1 drivers
v0x559cd290b410_0 .net "b", 0 0, v0x559cd290b7d0_0;  1 drivers
v0x559cd290b4d0_0 .net "select", 0 0, v0x559cd290b8a0_0;  1 drivers
v0x559cd290b5a0_0 .net "y", 0 0, L_0x559cd290ba70;  alias, 1 drivers
L_0x559cd290ba70 .functor MUXZ 1, v0x559cd290b710_0, v0x559cd290b7d0_0, v0x559cd290b8a0_0, C4<>;
    .scope S_0x559cd28f9ec0;
T_0 ;
    %vpi_call 2 13 "$dumpfile", "2_1mux.vcd" {0 0 0};
    %vpi_call 2 14 "$dumpvars", 32'sb00000000000000000000000000000000, S_0x559cd28f9ec0 {0 0 0};
    %pushi/vec4 0, 0, 1;
    %store/vec4 v0x559cd290b710_0, 0, 1;
    %pushi/vec4 0, 0, 1;
    %store/vec4 v0x559cd290b7d0_0, 0, 1;
    %pushi/vec4 0, 0, 1;
    %store/vec4 v0x559cd290b8a0_0, 0, 1;
    %delay 100, 0;
    %pushi/vec4 1, 0, 1;
    %store/vec4 v0x559cd290b710_0, 0, 1;
    %delay 100, 0;
    %pushi/vec4 1, 0, 1;
    %store/vec4 v0x559cd290b8a0_0, 0, 1;
    %delay 100, 0;
    %pushi/vec4 1, 0, 1;
    %store/vec4 v0x559cd290b7d0_0, 0, 1;
    %delay 100, 0;
    %pushi/vec4 0, 0, 1;
    %store/vec4 v0x559cd290b710_0, 0, 1;
    %delay 100, 0;
    %vpi_call 2 21 "$finish" {0 0 0};
    %end;
    .thread T_0;
# The file index is used to find the file name in the following table.
:file_names 4;
    "N/A";
    "<interactive>";
    "mux_2_1_tb";
    "mux_2_1";
