#! /usr/bin/vvp
:ivl_version "11.0 (stable)";
:ivl_delay_selection "TYPICAL";
:vpi_time_precision + 0;
:vpi_module "/usr/lib/x86_64-linux-gnu/ivl/system.vpi";
:vpi_module "/usr/lib/x86_64-linux-gnu/ivl/vhdl_sys.vpi";
:vpi_module "/usr/lib/x86_64-linux-gnu/ivl/vhdl_textio.vpi";
:vpi_module "/usr/lib/x86_64-linux-gnu/ivl/v2005_math.vpi";
:vpi_module "/usr/lib/x86_64-linux-gnu/ivl/va_math.vpi";
S_0x5c8e49aca410 .scope module, "mux41tb" "mux41tb" 2 1;
 .timescale 0 0;
v0x5c8e49ade6e0_0 .var "i0", 0 0;
v0x5c8e49ade7a0_0 .var "i1", 0 0;
v0x5c8e49ade870_0 .var "i2", 0 0;
v0x5c8e49ade970_0 .var "i3", 0 0;
v0x5c8e49adea40_0 .var "sel", 1 0;
v0x5c8e49adeb30_0 .net "y", 0 0, v0x5c8e49ade560_0;  1 drivers
S_0x5c8e49aca5a0 .scope module, "dut" "mux41" 2 7, 3 1 0, S_0x5c8e49aca410;
 .timescale 0 0;
    .port_info 0 /INPUT 1 "i0";
    .port_info 1 /INPUT 1 "i1";
    .port_info 2 /INPUT 1 "i2";
    .port_info 3 /INPUT 1 "i3";
    .port_info 4 /INPUT 2 "sel";
    .port_info 5 /OUTPUT 1 "y";
v0x5c8e49ab8890_0 .net "i0", 0 0, v0x5c8e49ade6e0_0;  1 drivers
v0x5c8e49ade210_0 .net "i1", 0 0, v0x5c8e49ade7a0_0;  1 drivers
v0x5c8e49ade2d0_0 .net "i2", 0 0, v0x5c8e49ade870_0;  1 drivers
v0x5c8e49ade370_0 .net "i3", 0 0, v0x5c8e49ade970_0;  1 drivers
v0x5c8e49ade430_0 .net "sel", 1 0, v0x5c8e49adea40_0;  1 drivers
v0x5c8e49ade560_0 .var "y", 0 0;
E_0x5c8e49ac9190/0 .event edge, v0x5c8e49ade430_0, v0x5c8e49ab8890_0, v0x5c8e49ade210_0, v0x5c8e49ade2d0_0;
E_0x5c8e49ac9190/1 .event edge, v0x5c8e49ade370_0;
E_0x5c8e49ac9190 .event/or E_0x5c8e49ac9190/0, E_0x5c8e49ac9190/1;
    .scope S_0x5c8e49aca5a0;
T_0 ;
    %wait E_0x5c8e49ac9190;
    %load/vec4 v0x5c8e49ade430_0;
    %dup/vec4;
    %pushi/vec4 0, 0, 2;
    %cmp/u;
    %jmp/1 T_0.0, 6;
    %dup/vec4;
    %pushi/vec4 1, 0, 2;
    %cmp/u;
    %jmp/1 T_0.1, 6;
    %dup/vec4;
    %pushi/vec4 2, 0, 2;
    %cmp/u;
    %jmp/1 T_0.2, 6;
    %dup/vec4;
    %pushi/vec4 3, 0, 2;
    %cmp/u;
    %jmp/1 T_0.3, 6;
    %load/vec4 v0x5c8e49ab8890_0;
    %store/vec4 v0x5c8e49ade560_0, 0, 1;
    %jmp T_0.5;
T_0.0 ;
    %load/vec4 v0x5c8e49ab8890_0;
    %store/vec4 v0x5c8e49ade560_0, 0, 1;
    %jmp T_0.5;
T_0.1 ;
    %load/vec4 v0x5c8e49ade210_0;
    %store/vec4 v0x5c8e49ade560_0, 0, 1;
    %jmp T_0.5;
T_0.2 ;
    %load/vec4 v0x5c8e49ade2d0_0;
    %store/vec4 v0x5c8e49ade560_0, 0, 1;
    %jmp T_0.5;
T_0.3 ;
    %load/vec4 v0x5c8e49ade370_0;
    %store/vec4 v0x5c8e49ade560_0, 0, 1;
    %jmp T_0.5;
T_0.5 ;
    %pop/vec4 1;
    %jmp T_0;
    .thread T_0, $push;
    .scope S_0x5c8e49aca410;
T_1 ;
    %vpi_call 2 18 "$monitor", "Time=%0t | sel=%b | y=%b", $time, v0x5c8e49adea40_0, v0x5c8e49adeb30_0 {0 0 0};
    %vpi_call 2 20 "$dumpfile", "mux41.vcd" {0 0 0};
    %vpi_call 2 21 "$dumpvars", 32'sb00000000000000000000000000000000, S_0x5c8e49aca410 {0 0 0};
    %pushi/vec4 1, 0, 1;
    %store/vec4 v0x5c8e49ade6e0_0, 0, 1;
    %pushi/vec4 0, 0, 1;
    %store/vec4 v0x5c8e49ade7a0_0, 0, 1;
    %pushi/vec4 1, 0, 1;
    %store/vec4 v0x5c8e49ade870_0, 0, 1;
    %pushi/vec4 0, 0, 1;
    %store/vec4 v0x5c8e49ade970_0, 0, 1;
    %pushi/vec4 0, 0, 2;
    %store/vec4 v0x5c8e49adea40_0, 0, 2;
    %delay 10, 0;
    %pushi/vec4 1, 0, 2;
    %store/vec4 v0x5c8e49adea40_0, 0, 2;
    %delay 10, 0;
    %pushi/vec4 2, 0, 2;
    %store/vec4 v0x5c8e49adea40_0, 0, 2;
    %delay 10, 0;
    %pushi/vec4 3, 0, 2;
    %store/vec4 v0x5c8e49adea40_0, 0, 2;
    %delay 10, 0;
    %vpi_call 2 29 "$finish" {0 0 0};
    %end;
    .thread T_1;
# The file index is used to find the file name in the following table.
:file_names 4;
    "N/A";
    "<interactive>";
    "mux.tb";
    "mux.v";
